2022-12-09 21:24:02,353 INFO    StreamThr :11985 [internal.py:wandb_internal():88] W&B internal server running at pid: 11985, started at: 2022-12-09 21:24:02.353131
2022-12-09 21:24:02,355 DEBUG   HandlerThread:11985 [handler.py:handle_request():139] handle_request: status
2022-12-09 21:24:02,355 DEBUG   SenderThread:11985 [sender.py:send_request():317] send_request: status
2022-12-09 21:24:02,362 DEBUG   SenderThread:11985 [sender.py:send():303] send: header
2022-12-09 21:24:02,362 INFO    WriterThread:11985 [datastore.py:open_for_write():75] open: /mnt/data/Documents/UFLA/Iniciação Científica/ZooWithAI/(In development) Lazaro - Trabalhos com novo sensor/wandb/run-20221209_212402-sdepybza/run-sdepybza.wandb
2022-12-09 21:24:02,406 DEBUG   SenderThread:11985 [sender.py:send():303] send: run
2022-12-09 21:24:02,886 DEBUG   HandlerThread:11985 [handler.py:handle_request():139] handle_request: check_version
2022-12-09 21:24:02,889 INFO    SenderThread:11985 [dir_watcher.py:__init__():216] watching files in: /mnt/data/Documents/UFLA/Iniciação Científica/ZooWithAI/(In development) Lazaro - Trabalhos com novo sensor/wandb/run-20221209_212402-sdepybza/files
2022-12-09 21:24:02,890 INFO    SenderThread:11985 [sender.py:_start_run_threads():928] run started: sdepybza with start time 1670631842.346144
2022-12-09 21:24:02,890 DEBUG   SenderThread:11985 [sender.py:send():303] send: summary
2022-12-09 21:24:02,890 INFO    SenderThread:11985 [sender.py:_save_file():1171] saving file wandb-summary.json with policy end
2022-12-09 21:24:02,890 DEBUG   SenderThread:11985 [sender.py:send_request():317] send_request: check_version
2022-12-09 21:24:02,996 DEBUG   HandlerThread:11985 [handler.py:handle_request():139] handle_request: run_start
2022-12-09 21:24:02,999 DEBUG   HandlerThread:11985 [system_info.py:__init__():31] System info init
2022-12-09 21:24:02,999 DEBUG   HandlerThread:11985 [system_info.py:__init__():46] System info init done
2022-12-09 21:24:03,000 INFO    HandlerThread:11985 [system_monitor.py:start():150] Starting system monitor
2022-12-09 21:24:03,000 INFO    SystemMonitor:11985 [system_monitor.py:_start():116] Starting system asset monitoring threads
2022-12-09 21:24:03,000 INFO    HandlerThread:11985 [system_monitor.py:probe():168] Collecting system info
2022-12-09 21:24:03,000 INFO    SystemMonitor:11985 [interfaces.py:start():168] Started cpu
2022-12-09 21:24:03,000 INFO    SystemMonitor:11985 [interfaces.py:start():168] Started disk
2022-12-09 21:24:03,001 INFO    SystemMonitor:11985 [interfaces.py:start():168] Started gpu
2022-12-09 21:24:03,001 INFO    SystemMonitor:11985 [interfaces.py:start():168] Started memory
2022-12-09 21:24:03,001 INFO    SystemMonitor:11985 [interfaces.py:start():168] Started network
2022-12-09 21:24:03,025 DEBUG   HandlerThread:11985 [system_info.py:probe():195] Probing system
2022-12-09 21:24:03,031 DEBUG   HandlerThread:11985 [system_info.py:_probe_git():180] Probing git
2022-12-09 21:24:03,043 DEBUG   HandlerThread:11985 [system_info.py:_probe_git():188] Probing git done
2022-12-09 21:24:03,043 DEBUG   HandlerThread:11985 [system_info.py:probe():241] Probing system done
2022-12-09 21:24:03,043 DEBUG   HandlerThread:11985 [system_monitor.py:probe():177] {'os': 'Linux-5.4.0-135-generic-x86_64-with-glibc2.31', 'python': '3.9.12', 'heartbeatAt': '2022-12-10T00:24:03.025882', 'startedAt': '2022-12-10T00:24:02.329494', 'docker': None, 'cuda': None, 'args': None, 'state': 'running', 'program': 'Documents/UFLA/Iniciação Científica/ZooWithAI/(In development) Lazaro - Trabalhos com novo sensor/(In development) Treinamento e Validacao.ipynb', 'root': '/mnt/data/Documents/UFLA/Iniciação Científica/ZooWithAI', 'git': {'remote': 'https://github.com/egmaziero/ZooWithAI.git', 'commit': '9b8418676276ed56b30939af958fd29d718e2378'}, 'email': 'caiomatheus98@outlook.com', 'host': 'Caio', 'username': 'caio', 'executable': '/home/caio/anaconda3/bin/python', 'cpu_count': 4, 'cpu_count_logical': 8, 'cpu_freq': {'current': 2.2908749999999998, 'min': 2200.0, 'max': 3600.0}, 'cpu_freq_per_core': [{'current': 2.794, 'min': 2200.0, 'max': 3600.0}, {'current': 1.862, 'min': 2200.0, 'max': 3600.0}, {'current': 2.189, 'min': 2200.0, 'max': 3600.0}, {'current': 2.355, 'min': 2200.0, 'max': 3600.0}, {'current': 2.794, 'min': 2200.0, 'max': 3600.0}, {'current': 1.863, 'min': 2200.0, 'max': 3600.0}, {'current': 2.192, 'min': 2200.0, 'max': 3600.0}, {'current': 2.278, 'min': 2200.0, 'max': 3600.0}], 'disk': {'total': 58.75761032104492, 'used': 20.861465454101562}, 'gpu': 'NVIDIA GeForce GTX 1650 SUPER', 'gpu_count': 1, 'gpu_devices': [{'name': 'NVIDIA GeForce GTX 1650 SUPER', 'memory_total': 4098621440}], 'memory': {'total': 15.627147674560547}}
2022-12-09 21:24:03,043 INFO    HandlerThread:11985 [system_monitor.py:probe():178] Finished collecting system info
2022-12-09 21:24:03,043 INFO    HandlerThread:11985 [system_monitor.py:probe():181] Publishing system info
2022-12-09 21:24:03,043 DEBUG   HandlerThread:11985 [system_info.py:_save_pip():51] Saving list of pip packages installed into the current environment
2022-12-09 21:24:03,044 DEBUG   HandlerThread:11985 [system_info.py:_save_pip():67] Saving pip packages done
2022-12-09 21:24:03,044 DEBUG   HandlerThread:11985 [system_info.py:_save_conda():74] Saving list of conda packages installed into the current environment
2022-12-09 21:24:03,892 INFO    Thread-13 :11985 [dir_watcher.py:_on_file_created():275] file/dir created: /mnt/data/Documents/UFLA/Iniciação Científica/ZooWithAI/(In development) Lazaro - Trabalhos com novo sensor/wandb/run-20221209_212402-sdepybza/files/requirements.txt
2022-12-09 21:24:03,892 INFO    Thread-13 :11985 [dir_watcher.py:_on_file_created():275] file/dir created: /mnt/data/Documents/UFLA/Iniciação Científica/ZooWithAI/(In development) Lazaro - Trabalhos com novo sensor/wandb/run-20221209_212402-sdepybza/files/wandb-summary.json
2022-12-09 21:24:03,892 INFO    Thread-13 :11985 [dir_watcher.py:_on_file_created():275] file/dir created: /mnt/data/Documents/UFLA/Iniciação Científica/ZooWithAI/(In development) Lazaro - Trabalhos com novo sensor/wandb/run-20221209_212402-sdepybza/files/conda-environment.yaml
2022-12-09 21:24:05,698 DEBUG   HandlerThread:11985 [system_info.py:_save_conda():86] Saving conda packages done
2022-12-09 21:24:05,698 INFO    HandlerThread:11985 [system_monitor.py:probe():183] Finished publishing system info
2022-12-09 21:24:05,701 DEBUG   SenderThread:11985 [sender.py:send():303] send: files
2022-12-09 21:24:05,701 INFO    SenderThread:11985 [sender.py:_save_file():1171] saving file wandb-metadata.json with policy now
2022-12-09 21:24:05,715 DEBUG   HandlerThread:11985 [handler.py:handle_request():139] handle_request: stop_status
2022-12-09 21:24:05,715 DEBUG   SenderThread:11985 [sender.py:send_request():317] send_request: stop_status
2022-12-09 21:24:05,718 DEBUG   HandlerThread:11985 [handler.py:handle_request():139] handle_request: pause
2022-12-09 21:24:05,718 INFO    HandlerThread:11985 [handler.py:handle_request_pause():696] stopping system metrics thread or process
2022-12-09 21:24:05,718 INFO    HandlerThread:11985 [system_monitor.py:finish():160] Stopping system monitor
2022-12-09 21:24:05,718 DEBUG   SystemMonitor:11985 [system_monitor.py:_start():130] Starting system metrics aggregation loop
2022-12-09 21:24:05,719 DEBUG   SystemMonitor:11985 [system_monitor.py:_start():137] Finished system metrics aggregation loop
2022-12-09 21:24:05,719 DEBUG   SystemMonitor:11985 [system_monitor.py:_start():141] Publishing last batch of metrics
2022-12-09 21:24:05,720 INFO    HandlerThread:11985 [interfaces.py:finish():173] Joined cpu
2022-12-09 21:24:05,720 INFO    HandlerThread:11985 [interfaces.py:finish():173] Joined disk
2022-12-09 21:24:05,755 INFO    HandlerThread:11985 [interfaces.py:finish():173] Joined gpu
2022-12-09 21:24:05,755 INFO    HandlerThread:11985 [interfaces.py:finish():173] Joined memory
2022-12-09 21:24:05,755 INFO    HandlerThread:11985 [interfaces.py:finish():173] Joined network
2022-12-09 21:24:05,756 DEBUG   HandlerThread:11985 [handler.py:handle_request():139] handle_request: resume
2022-12-09 21:24:05,756 INFO    HandlerThread:11985 [handler.py:handle_request_resume():687] starting system metrics thread or process
2022-12-09 21:24:05,892 INFO    Thread-13 :11985 [dir_watcher.py:_on_file_modified():292] file/dir modified: /mnt/data/Documents/UFLA/Iniciação Científica/ZooWithAI/(In development) Lazaro - Trabalhos com novo sensor/wandb/run-20221209_212402-sdepybza/files/conda-environment.yaml
2022-12-09 21:24:05,893 INFO    Thread-13 :11985 [dir_watcher.py:_on_file_created():275] file/dir created: /mnt/data/Documents/UFLA/Iniciação Científica/ZooWithAI/(In development) Lazaro - Trabalhos com novo sensor/wandb/run-20221209_212402-sdepybza/files/wandb-metadata.json
2022-12-09 21:24:05,920 DEBUG   SenderThread:11985 [sender.py:send():303] send: telemetry
2022-12-09 21:24:05,920 DEBUG   SenderThread:11985 [sender.py:send():303] send: stats
2022-12-09 21:24:06,355 INFO    Thread-16 :11985 [upload_job.py:push():143] Uploaded file /tmp/tmpjfe9veriwandb/1jkc6q2z-wandb-metadata.json
2022-12-09 21:24:06,435 DEBUG   HandlerThread:11985 [handler.py:handle_request():139] handle_request: pause
2022-12-09 21:24:06,435 INFO    HandlerThread:11985 [handler.py:handle_request_pause():696] stopping system metrics thread or process
2022-12-09 21:24:06,440 DEBUG   HandlerThread:11985 [handler.py:handle_request():139] handle_request: resume
2022-12-09 21:24:06,440 INFO    HandlerThread:11985 [handler.py:handle_request_resume():687] starting system metrics thread or process
2022-12-09 21:24:06,441 DEBUG   HandlerThread:11985 [handler.py:handle_request():139] handle_request: pause
2022-12-09 21:24:06,441 INFO    HandlerThread:11985 [handler.py:handle_request_pause():696] stopping system metrics thread or process
2022-12-09 21:24:06,445 DEBUG   HandlerThread:11985 [handler.py:handle_request():139] handle_request: resume
2022-12-09 21:24:06,445 INFO    HandlerThread:11985 [handler.py:handle_request_resume():687] starting system metrics thread or process
2022-12-09 21:24:06,446 DEBUG   HandlerThread:11985 [handler.py:handle_request():139] handle_request: pause
2022-12-09 21:24:06,446 INFO    HandlerThread:11985 [handler.py:handle_request_pause():696] stopping system metrics thread or process
2022-12-09 21:24:06,451 DEBUG   HandlerThread:11985 [handler.py:handle_request():139] handle_request: resume
2022-12-09 21:24:06,451 INFO    HandlerThread:11985 [handler.py:handle_request_resume():687] starting system metrics thread or process
2022-12-09 21:24:06,507 DEBUG   HandlerThread:11985 [handler.py:handle_request():139] handle_request: pause
2022-12-09 21:24:06,507 INFO    HandlerThread:11985 [handler.py:handle_request_pause():696] stopping system metrics thread or process
2022-12-09 21:24:06,510 DEBUG   HandlerThread:11985 [handler.py:handle_request():139] handle_request: resume
2022-12-09 21:24:06,510 INFO    HandlerThread:11985 [handler.py:handle_request_resume():687] starting system metrics thread or process
2022-12-09 21:24:06,519 DEBUG   HandlerThread:11985 [handler.py:handle_request():139] handle_request: pause
2022-12-09 21:24:06,519 INFO    HandlerThread:11985 [handler.py:handle_request_pause():696] stopping system metrics thread or process
2022-12-09 21:24:07,320 DEBUG   HandlerThread:11985 [handler.py:handle_request():139] handle_request: resume
2022-12-09 21:24:07,320 INFO    HandlerThread:11985 [handler.py:handle_request_resume():687] starting system metrics thread or process
2022-12-09 21:24:07,338 DEBUG   HandlerThread:11985 [handler.py:handle_request():139] handle_request: pause
2022-12-09 21:24:07,338 INFO    HandlerThread:11985 [handler.py:handle_request_pause():696] stopping system metrics thread or process
2022-12-09 21:24:12,423 DEBUG   HandlerThread:11985 [handler.py:handle_request():139] handle_request: resume
2022-12-09 21:24:12,423 INFO    HandlerThread:11985 [handler.py:handle_request_resume():687] starting system metrics thread or process
2022-12-09 21:24:13,915 DEBUG   HandlerThread:11985 [handler.py:handle_request():139] handle_request: pause
2022-12-09 21:24:13,915 INFO    HandlerThread:11985 [handler.py:handle_request_pause():696] stopping system metrics thread or process
2022-12-09 21:24:16,277 DEBUG   HandlerThread:11985 [handler.py:handle_request():139] handle_request: resume
2022-12-09 21:24:16,277 INFO    HandlerThread:11985 [handler.py:handle_request_resume():687] starting system metrics thread or process
2022-12-09 21:24:17,924 DEBUG   HandlerThread:11985 [handler.py:handle_request():139] handle_request: pause
2022-12-09 21:24:17,924 INFO    HandlerThread:11985 [handler.py:handle_request_pause():696] stopping system metrics thread or process
2022-12-09 21:24:20,936 DEBUG   HandlerThread:11985 [handler.py:handle_request():139] handle_request: stop_status
2022-12-09 21:24:20,936 DEBUG   SenderThread:11985 [sender.py:send_request():317] send_request: stop_status
2022-12-09 21:24:30,257 DEBUG   HandlerThread:11985 [handler.py:handle_request():139] handle_request: resume
2022-12-09 21:24:30,257 INFO    HandlerThread:11985 [handler.py:handle_request_resume():687] starting system metrics thread or process
2022-12-09 21:24:33,317 DEBUG   HandlerThread:11985 [handler.py:handle_request():139] handle_request: pause
2022-12-09 21:24:33,317 INFO    HandlerThread:11985 [handler.py:handle_request_pause():696] stopping system metrics thread or process
2022-12-09 21:24:33,901 INFO    Thread-13 :11985 [dir_watcher.py:_on_file_modified():292] file/dir modified: /mnt/data/Documents/UFLA/Iniciação Científica/ZooWithAI/(In development) Lazaro - Trabalhos com novo sensor/wandb/run-20221209_212402-sdepybza/files/config.yaml
2022-12-09 21:24:36,159 DEBUG   HandlerThread:11985 [handler.py:handle_request():139] handle_request: stop_status
2022-12-09 21:24:36,160 DEBUG   SenderThread:11985 [sender.py:send_request():317] send_request: stop_status
2022-12-09 21:24:36,670 DEBUG   HandlerThread:11985 [handler.py:handle_request():139] handle_request: resume
2022-12-09 21:24:36,670 INFO    HandlerThread:11985 [handler.py:handle_request_resume():687] starting system metrics thread or process
2022-12-09 21:24:36,806 DEBUG   HandlerThread:11985 [handler.py:handle_request():139] handle_request: pause
2022-12-09 21:24:36,806 INFO    HandlerThread:11985 [handler.py:handle_request_pause():696] stopping system metrics thread or process
2022-12-09 21:24:38,812 DEBUG   HandlerThread:11985 [handler.py:handle_request():139] handle_request: resume
2022-12-09 21:24:38,812 INFO    HandlerThread:11985 [handler.py:handle_request_resume():687] starting system metrics thread or process
2022-12-09 21:24:38,944 DEBUG   HandlerThread:11985 [handler.py:handle_request():139] handle_request: pause
2022-12-09 21:24:38,944 INFO    HandlerThread:11985 [handler.py:handle_request_pause():696] stopping system metrics thread or process
2022-12-09 21:24:41,205 DEBUG   HandlerThread:11985 [handler.py:handle_request():139] handle_request: resume
2022-12-09 21:24:41,206 INFO    HandlerThread:11985 [handler.py:handle_request_resume():687] starting system metrics thread or process
2022-12-09 21:24:41,292 DEBUG   HandlerThread:11985 [handler.py:handle_request():139] handle_request: pause
2022-12-09 21:24:41,292 INFO    HandlerThread:11985 [handler.py:handle_request_pause():696] stopping system metrics thread or process
2022-12-09 21:24:48,494 DEBUG   HandlerThread:11985 [handler.py:handle_request():139] handle_request: resume
2022-12-09 21:24:48,494 INFO    HandlerThread:11985 [handler.py:handle_request_resume():687] starting system metrics thread or process
2022-12-09 21:24:48,535 DEBUG   HandlerThread:11985 [handler.py:handle_request():139] handle_request: pause
2022-12-09 21:24:48,536 INFO    HandlerThread:11985 [handler.py:handle_request_pause():696] stopping system metrics thread or process
2022-12-09 21:24:48,773 DEBUG   HandlerThread:11985 [handler.py:handle_request():139] handle_request: resume
2022-12-09 21:24:48,773 INFO    HandlerThread:11985 [handler.py:handle_request_resume():687] starting system metrics thread or process
2022-12-09 21:24:48,790 DEBUG   SenderThread:11985 [sender.py:send():303] send: telemetry
2022-12-09 21:24:48,794 DEBUG   SenderThread:11985 [sender.py:send():303] send: telemetry
2022-12-09 21:24:48,802 DEBUG   HandlerThread:11985 [handler.py:handle_request():139] handle_request: pause
2022-12-09 21:24:48,802 INFO    HandlerThread:11985 [handler.py:handle_request_pause():696] stopping system metrics thread or process
2022-12-09 21:24:48,906 INFO    Thread-13 :11985 [dir_watcher.py:_on_file_created():275] file/dir created: /mnt/data/Documents/UFLA/Iniciação Científica/ZooWithAI/(In development) Lazaro - Trabalhos com novo sensor/wandb/run-20221209_212402-sdepybza/files/output.log
2022-12-09 21:24:49,097 DEBUG   HandlerThread:11985 [handler.py:handle_request():139] handle_request: resume
2022-12-09 21:24:49,097 INFO    HandlerThread:11985 [handler.py:handle_request_resume():687] starting system metrics thread or process
2022-12-09 21:24:49,098 DEBUG   HandlerThread:11985 [handler.py:handle_request():139] handle_request: pause
2022-12-09 21:24:49,099 INFO    HandlerThread:11985 [handler.py:handle_request_pause():696] stopping system metrics thread or process
2022-12-09 21:24:50,367 DEBUG   HandlerThread:11985 [handler.py:handle_request():139] handle_request: resume
2022-12-09 21:24:50,367 INFO    HandlerThread:11985 [handler.py:handle_request_resume():687] starting system metrics thread or process
2022-12-09 21:24:50,606 DEBUG   HandlerThread:11985 [handler.py:handle_request():139] handle_request: pause
2022-12-09 21:24:50,606 INFO    HandlerThread:11985 [handler.py:handle_request_pause():696] stopping system metrics thread or process
2022-12-09 21:24:50,907 INFO    Thread-13 :11985 [dir_watcher.py:_on_file_modified():292] file/dir modified: /mnt/data/Documents/UFLA/Iniciação Científica/ZooWithAI/(In development) Lazaro - Trabalhos com novo sensor/wandb/run-20221209_212402-sdepybza/files/output.log
2022-12-09 21:24:51,378 DEBUG   HandlerThread:11985 [handler.py:handle_request():139] handle_request: stop_status
2022-12-09 21:24:51,378 DEBUG   SenderThread:11985 [sender.py:send_request():317] send_request: stop_status
2022-12-09 21:24:52,162 DEBUG   HandlerThread:11985 [handler.py:handle_request():139] handle_request: resume
2022-12-09 21:24:52,162 INFO    HandlerThread:11985 [handler.py:handle_request_resume():687] starting system metrics thread or process
2022-12-09 21:24:53,553 DEBUG   HandlerThread:11985 [handler.py:handle_request():139] handle_request: pause
2022-12-09 21:24:53,553 INFO    HandlerThread:11985 [handler.py:handle_request_pause():696] stopping system metrics thread or process
2022-12-09 21:24:59,022 DEBUG   HandlerThread:11985 [handler.py:handle_request():139] handle_request: resume
2022-12-09 21:24:59,022 INFO    HandlerThread:11985 [handler.py:handle_request_resume():687] starting system metrics thread or process
2022-12-09 21:24:59,143 DEBUG   HandlerThread:11985 [handler.py:handle_request():139] handle_request: pause
2022-12-09 21:24:59,143 INFO    HandlerThread:11985 [handler.py:handle_request_pause():696] stopping system metrics thread or process
2022-12-09 21:24:59,262 DEBUG   HandlerThread:11985 [handler.py:handle_request():139] handle_request: resume
2022-12-09 21:24:59,262 INFO    HandlerThread:11985 [handler.py:handle_request_resume():687] starting system metrics thread or process
2022-12-09 21:24:59,271 DEBUG   HandlerThread:11985 [handler.py:handle_request():139] handle_request: pause
2022-12-09 21:24:59,271 INFO    HandlerThread:11985 [handler.py:handle_request_pause():696] stopping system metrics thread or process
2022-12-09 21:25:01,049 DEBUG   HandlerThread:11985 [handler.py:handle_request():139] handle_request: resume
2022-12-09 21:25:01,049 INFO    HandlerThread:11985 [handler.py:handle_request_resume():687] starting system metrics thread or process
2022-12-09 21:25:01,056 DEBUG   HandlerThread:11985 [handler.py:handle_request():139] handle_request: pause
2022-12-09 21:25:01,056 INFO    HandlerThread:11985 [handler.py:handle_request_pause():696] stopping system metrics thread or process
2022-12-09 21:25:01,328 DEBUG   HandlerThread:11985 [handler.py:handle_request():139] handle_request: resume
2022-12-09 21:25:01,329 INFO    HandlerThread:11985 [handler.py:handle_request_resume():687] starting system metrics thread or process
2022-12-09 21:25:01,334 DEBUG   HandlerThread:11985 [handler.py:handle_request():139] handle_request: pause
2022-12-09 21:25:01,335 INFO    HandlerThread:11985 [handler.py:handle_request_pause():696] stopping system metrics thread or process
2022-12-09 21:25:01,740 DEBUG   HandlerThread:11985 [handler.py:handle_request():139] handle_request: resume
2022-12-09 21:25:01,740 INFO    HandlerThread:11985 [handler.py:handle_request_resume():687] starting system metrics thread or process
2022-12-09 21:25:01,756 DEBUG   HandlerThread:11985 [handler.py:handle_request():139] handle_request: pause
2022-12-09 21:25:01,756 INFO    HandlerThread:11985 [handler.py:handle_request_pause():696] stopping system metrics thread or process
2022-12-09 21:25:03,911 INFO    Thread-13 :11985 [dir_watcher.py:_on_file_modified():292] file/dir modified: /mnt/data/Documents/UFLA/Iniciação Científica/ZooWithAI/(In development) Lazaro - Trabalhos com novo sensor/wandb/run-20221209_212402-sdepybza/files/config.yaml
2022-12-09 21:25:06,258 DEBUG   HandlerThread:11985 [handler.py:handle_request():139] handle_request: resume
2022-12-09 21:25:06,258 INFO    HandlerThread:11985 [handler.py:handle_request_resume():687] starting system metrics thread or process
2022-12-09 21:25:06,260 DEBUG   HandlerThread:11985 [handler.py:handle_request():139] handle_request: pause
2022-12-09 21:25:06,260 INFO    HandlerThread:11985 [handler.py:handle_request_pause():696] stopping system metrics thread or process
2022-12-09 21:25:06,586 DEBUG   HandlerThread:11985 [handler.py:handle_request():139] handle_request: resume
2022-12-09 21:25:06,586 INFO    HandlerThread:11985 [handler.py:handle_request_resume():687] starting system metrics thread or process
2022-12-09 21:25:06,598 DEBUG   HandlerThread:11985 [handler.py:handle_request():139] handle_request: stop_status
2022-12-09 21:25:06,598 DEBUG   SenderThread:11985 [sender.py:send_request():317] send_request: stop_status
2022-12-09 21:25:06,686 DEBUG   HandlerThread:11985 [handler.py:handle_request():139] handle_request: pause
2022-12-09 21:25:06,686 INFO    HandlerThread:11985 [handler.py:handle_request_pause():696] stopping system metrics thread or process
2022-12-09 21:25:08,291 DEBUG   HandlerThread:11985 [handler.py:handle_request():139] handle_request: resume
2022-12-09 21:25:08,291 INFO    HandlerThread:11985 [handler.py:handle_request_resume():687] starting system metrics thread or process
2022-12-09 21:25:08,401 DEBUG   HandlerThread:11985 [handler.py:handle_request():139] handle_request: pause
2022-12-09 21:25:08,401 INFO    HandlerThread:11985 [handler.py:handle_request_pause():696] stopping system metrics thread or process
2022-12-09 21:25:08,913 INFO    Thread-13 :11985 [dir_watcher.py:_on_file_modified():292] file/dir modified: /mnt/data/Documents/UFLA/Iniciação Científica/ZooWithAI/(In development) Lazaro - Trabalhos com novo sensor/wandb/run-20221209_212402-sdepybza/files/output.log
2022-12-09 21:25:21,813 DEBUG   HandlerThread:11985 [handler.py:handle_request():139] handle_request: stop_status
2022-12-09 21:25:21,814 DEBUG   SenderThread:11985 [sender.py:send_request():317] send_request: stop_status
2022-12-09 21:25:37,035 DEBUG   HandlerThread:11985 [handler.py:handle_request():139] handle_request: stop_status
2022-12-09 21:25:37,035 DEBUG   SenderThread:11985 [sender.py:send_request():317] send_request: stop_status
2022-12-09 21:25:52,256 DEBUG   HandlerThread:11985 [handler.py:handle_request():139] handle_request: stop_status
2022-12-09 21:25:52,256 DEBUG   SenderThread:11985 [sender.py:send_request():317] send_request: stop_status
2022-12-09 21:26:07,713 DEBUG   HandlerThread:11985 [handler.py:handle_request():139] handle_request: stop_status
2022-12-09 21:26:07,713 DEBUG   SenderThread:11985 [sender.py:send_request():317] send_request: stop_status
2022-12-09 21:26:22,931 DEBUG   HandlerThread:11985 [handler.py:handle_request():139] handle_request: stop_status
2022-12-09 21:26:22,931 DEBUG   SenderThread:11985 [sender.py:send_request():317] send_request: stop_status
2022-12-09 21:26:38,155 DEBUG   HandlerThread:11985 [handler.py:handle_request():139] handle_request: stop_status
2022-12-09 21:26:38,155 DEBUG   SenderThread:11985 [sender.py:send_request():317] send_request: stop_status
2022-12-09 21:26:53,378 DEBUG   HandlerThread:11985 [handler.py:handle_request():139] handle_request: stop_status
2022-12-09 21:26:53,378 DEBUG   SenderThread:11985 [sender.py:send_request():317] send_request: stop_status
2022-12-09 22:10:54,812 DEBUG   HandlerThread:11985 [handler.py:handle_request():139] handle_request: stop_status
2022-12-09 22:10:54,812 DEBUG   SenderThread:11985 [sender.py:send_request():317] send_request: stop_status
2022-12-09 22:10:58,265 ERROR   SenderThread:11985 [retry.py:__call__():154] Retry attempt failed:
Traceback (most recent call last):
  File "/home/caio/anaconda3/lib/python3.9/site-packages/urllib3/connection.py", line 174, in _new_conn
    conn = connection.create_connection(
  File "/home/caio/anaconda3/lib/python3.9/site-packages/urllib3/util/connection.py", line 72, in create_connection
    for res in socket.getaddrinfo(host, port, family, socket.SOCK_STREAM):
  File "/home/caio/anaconda3/lib/python3.9/socket.py", line 954, in getaddrinfo
    for res in _socket.getaddrinfo(host, port, family, type, proto, flags):
socket.gaierror: [Errno -2] Name or service not known

During handling of the above exception, another exception occurred:

Traceback (most recent call last):
  File "/home/caio/anaconda3/lib/python3.9/site-packages/urllib3/connectionpool.py", line 703, in urlopen
    httplib_response = self._make_request(
  File "/home/caio/anaconda3/lib/python3.9/site-packages/urllib3/connectionpool.py", line 386, in _make_request
    self._validate_conn(conn)
  File "/home/caio/anaconda3/lib/python3.9/site-packages/urllib3/connectionpool.py", line 1042, in _validate_conn
    conn.connect()
  File "/home/caio/anaconda3/lib/python3.9/site-packages/urllib3/connection.py", line 358, in connect
    self.sock = conn = self._new_conn()
  File "/home/caio/anaconda3/lib/python3.9/site-packages/urllib3/connection.py", line 186, in _new_conn
    raise NewConnectionError(
urllib3.exceptions.NewConnectionError: <urllib3.connection.HTTPSConnection object at 0x7f756ef9f820>: Failed to establish a new connection: [Errno -2] Name or service not known

During handling of the above exception, another exception occurred:

Traceback (most recent call last):
  File "/home/caio/anaconda3/lib/python3.9/site-packages/requests/adapters.py", line 489, in send
    resp = conn.urlopen(
  File "/home/caio/anaconda3/lib/python3.9/site-packages/urllib3/connectionpool.py", line 787, in urlopen
    retries = retries.increment(
  File "/home/caio/anaconda3/lib/python3.9/site-packages/urllib3/util/retry.py", line 592, in increment
    raise MaxRetryError(_pool, url, error or ResponseError(cause))
urllib3.exceptions.MaxRetryError: HTTPSConnectionPool(host='api.wandb.ai', port=443): Max retries exceeded with url: /graphql (Caused by NewConnectionError('<urllib3.connection.HTTPSConnection object at 0x7f756ef9f820>: Failed to establish a new connection: [Errno -2] Name or service not known'))

During handling of the above exception, another exception occurred:

Traceback (most recent call last):
  File "/home/caio/anaconda3/lib/python3.9/site-packages/wandb/sdk/lib/retry.py", line 113, in __call__
    result = self._call_fn(*args, **kwargs)
  File "/home/caio/anaconda3/lib/python3.9/site-packages/wandb/sdk/internal/internal_api.py", line 210, in execute
    return self.client.execute(*args, **kwargs)  # type: ignore
  File "/home/caio/anaconda3/lib/python3.9/site-packages/wandb/vendor/gql-0.2.0/wandb_gql/client.py", line 52, in execute
    result = self._get_result(document, *args, **kwargs)
  File "/home/caio/anaconda3/lib/python3.9/site-packages/wandb/vendor/gql-0.2.0/wandb_gql/client.py", line 60, in _get_result
    return self.transport.execute(document, *args, **kwargs)
  File "/home/caio/anaconda3/lib/python3.9/site-packages/wandb/vendor/gql-0.2.0/wandb_gql/transport/requests.py", line 38, in execute
    request = requests.post(self.url, **post_args)
  File "/home/caio/anaconda3/lib/python3.9/site-packages/requests/api.py", line 115, in post
    return request("post", url, data=data, json=json, **kwargs)
  File "/home/caio/anaconda3/lib/python3.9/site-packages/requests/api.py", line 59, in request
    return session.request(method=method, url=url, **kwargs)
  File "/home/caio/anaconda3/lib/python3.9/site-packages/requests/sessions.py", line 587, in request
    resp = self.send(prep, **send_kwargs)
  File "/home/caio/anaconda3/lib/python3.9/site-packages/requests/sessions.py", line 701, in send
    r = adapter.send(request, **kwargs)
  File "/home/caio/anaconda3/lib/python3.9/site-packages/requests/adapters.py", line 565, in send
    raise ConnectionError(e, request=request)
requests.exceptions.ConnectionError: HTTPSConnectionPool(host='api.wandb.ai', port=443): Max retries exceeded with url: /graphql (Caused by NewConnectionError('<urllib3.connection.HTTPSConnection object at 0x7f756ef9f820>: Failed to establish a new connection: [Errno -2] Name or service not known'))
2022-12-09 22:11:08,837 WARNING FileStreamThread:11985 [file_stream.py:request_with_retry():667] requests_with_retry encountered retryable exception: ('Connection aborted.', ConnectionResetError(104, 'Connection reset by peer')). func: <bound method Session.post of <requests.sessions.Session object at 0x7f75a73e9490>>, args: ('https://api.wandb.ai/files/caiomtls/accelerometer_behavior_project/sdepybza/file_stream',), kwargs: {'json': {'complete': False, 'failed': False, 'dropped': 0, 'uploaded': []}}
2022-12-09 22:11:14,807 DEBUG   HandlerThread:11985 [handler.py:handle_request():139] handle_request: stop_status
2022-12-09 22:11:14,807 DEBUG   SenderThread:11985 [sender.py:send_request():317] send_request: stop_status
2022-12-09 22:11:14,813 INFO    Thread-13 :11985 [dir_watcher.py:_on_file_modified():292] file/dir modified: /mnt/data/Documents/UFLA/Iniciação Científica/ZooWithAI/(In development) Lazaro - Trabalhos com novo sensor/wandb/run-20221209_212402-sdepybza/files/output.log
2022-12-09 22:11:23,658 DEBUG   SenderThread:11985 [sender.py:send():303] send: exit
2022-12-09 22:11:23,658 INFO    SenderThread:11985 [sender.py:send_exit():442] handling exit code: 0
2022-12-09 22:11:23,658 INFO    SenderThread:11985 [sender.py:send_exit():444] handling runtime: 12
2022-12-09 22:11:23,659 INFO    SenderThread:11985 [sender.py:_save_file():1171] saving file wandb-summary.json with policy end
2022-12-09 22:11:23,659 INFO    SenderThread:11985 [sender.py:send_exit():450] send defer
2022-12-09 22:11:23,659 DEBUG   HandlerThread:11985 [handler.py:handle_request():139] handle_request: defer
2022-12-09 22:11:23,659 INFO    HandlerThread:11985 [handler.py:handle_request_defer():162] handle defer: 0
2022-12-09 22:11:23,659 DEBUG   SenderThread:11985 [sender.py:send_request():317] send_request: defer
2022-12-09 22:11:23,659 INFO    SenderThread:11985 [sender.py:send_request_defer():459] handle sender defer: 0
2022-12-09 22:11:23,659 INFO    SenderThread:11985 [sender.py:transition_state():463] send defer: 1
2022-12-09 22:11:23,660 DEBUG   HandlerThread:11985 [handler.py:handle_request():139] handle_request: defer
2022-12-09 22:11:23,660 INFO    HandlerThread:11985 [handler.py:handle_request_defer():162] handle defer: 1
2022-12-09 22:11:23,660 DEBUG   SenderThread:11985 [sender.py:send_request():317] send_request: defer
2022-12-09 22:11:23,660 INFO    SenderThread:11985 [sender.py:send_request_defer():459] handle sender defer: 1
2022-12-09 22:11:23,660 INFO    SenderThread:11985 [sender.py:transition_state():463] send defer: 2
2022-12-09 22:11:23,660 DEBUG   HandlerThread:11985 [handler.py:handle_request():139] handle_request: defer
2022-12-09 22:11:23,660 INFO    HandlerThread:11985 [handler.py:handle_request_defer():162] handle defer: 2
2022-12-09 22:11:23,660 DEBUG   SenderThread:11985 [sender.py:send_request():317] send_request: defer
2022-12-09 22:11:23,660 INFO    SenderThread:11985 [sender.py:send_request_defer():459] handle sender defer: 2
2022-12-09 22:11:23,660 INFO    SenderThread:11985 [sender.py:transition_state():463] send defer: 3
2022-12-09 22:11:23,660 DEBUG   HandlerThread:11985 [handler.py:handle_request():139] handle_request: defer
2022-12-09 22:11:23,660 INFO    HandlerThread:11985 [handler.py:handle_request_defer():162] handle defer: 3
2022-12-09 22:11:23,661 DEBUG   SenderThread:11985 [sender.py:send_request():317] send_request: defer
2022-12-09 22:11:23,661 INFO    SenderThread:11985 [sender.py:send_request_defer():459] handle sender defer: 3
2022-12-09 22:11:23,661 INFO    SenderThread:11985 [sender.py:transition_state():463] send defer: 4
2022-12-09 22:11:23,661 DEBUG   HandlerThread:11985 [handler.py:handle_request():139] handle_request: defer
2022-12-09 22:11:23,661 INFO    HandlerThread:11985 [handler.py:handle_request_defer():162] handle defer: 4
2022-12-09 22:11:23,661 DEBUG   SenderThread:11985 [sender.py:send():303] send: summary
2022-12-09 22:11:23,661 INFO    SenderThread:11985 [sender.py:_save_file():1171] saving file wandb-summary.json with policy end
2022-12-09 22:11:23,662 DEBUG   SenderThread:11985 [sender.py:send_request():317] send_request: defer
2022-12-09 22:11:23,662 INFO    SenderThread:11985 [sender.py:send_request_defer():459] handle sender defer: 4
2022-12-09 22:11:23,662 INFO    SenderThread:11985 [sender.py:transition_state():463] send defer: 5
2022-12-09 22:11:23,662 DEBUG   HandlerThread:11985 [handler.py:handle_request():139] handle_request: defer
2022-12-09 22:11:23,662 INFO    HandlerThread:11985 [handler.py:handle_request_defer():162] handle defer: 5
2022-12-09 22:11:23,662 DEBUG   SenderThread:11985 [sender.py:send_request():317] send_request: defer
2022-12-09 22:11:23,662 INFO    SenderThread:11985 [sender.py:send_request_defer():459] handle sender defer: 5
2022-12-09 22:11:23,662 INFO    SenderThread:11985 [sender.py:transition_state():463] send defer: 6
2022-12-09 22:11:23,662 DEBUG   HandlerThread:11985 [handler.py:handle_request():139] handle_request: defer
2022-12-09 22:11:23,662 INFO    HandlerThread:11985 [handler.py:handle_request_defer():162] handle defer: 6
2022-12-09 22:11:23,662 DEBUG   SenderThread:11985 [sender.py:send_request():317] send_request: defer
2022-12-09 22:11:23,662 INFO    SenderThread:11985 [sender.py:send_request_defer():459] handle sender defer: 6
2022-12-09 22:11:23,816 INFO    Thread-13 :11985 [dir_watcher.py:_on_file_modified():292] file/dir modified: /mnt/data/Documents/UFLA/Iniciação Científica/ZooWithAI/(In development) Lazaro - Trabalhos com novo sensor/wandb/run-20221209_212402-sdepybza/files/wandb-summary.json
2022-12-09 22:11:24,659 DEBUG   HandlerThread:11985 [handler.py:handle_request():139] handle_request: poll_exit
2022-12-09 22:11:26,399 INFO    SenderThread:11985 [sender.py:transition_state():463] send defer: 7
2022-12-09 22:11:26,399 DEBUG   SenderThread:11985 [sender.py:send_request():317] send_request: poll_exit
2022-12-09 22:11:26,400 DEBUG   HandlerThread:11985 [handler.py:handle_request():139] handle_request: defer
2022-12-09 22:11:26,400 INFO    HandlerThread:11985 [handler.py:handle_request_defer():162] handle defer: 7
2022-12-09 22:11:26,400 DEBUG   SenderThread:11985 [sender.py:send_request():317] send_request: defer
2022-12-09 22:11:26,400 INFO    SenderThread:11985 [sender.py:send_request_defer():459] handle sender defer: 7
2022-12-09 22:11:26,400 INFO    SenderThread:11985 [dir_watcher.py:finish():362] shutting down directory watcher
2022-12-09 22:11:26,818 INFO    SenderThread:11985 [dir_watcher.py:_on_file_modified():292] file/dir modified: /mnt/data/Documents/UFLA/Iniciação Científica/ZooWithAI/(In development) Lazaro - Trabalhos com novo sensor/wandb/run-20221209_212402-sdepybza/files/output.log
2022-12-09 22:11:26,818 INFO    SenderThread:11985 [dir_watcher.py:finish():392] scan: /mnt/data/Documents/UFLA/Iniciação Científica/ZooWithAI/(In development) Lazaro - Trabalhos com novo sensor/wandb/run-20221209_212402-sdepybza/files
2022-12-09 22:11:26,818 INFO    SenderThread:11985 [dir_watcher.py:finish():406] scan save: /mnt/data/Documents/UFLA/Iniciação Científica/ZooWithAI/(In development) Lazaro - Trabalhos com novo sensor/wandb/run-20221209_212402-sdepybza/files/config.yaml config.yaml
2022-12-09 22:11:26,818 INFO    SenderThread:11985 [dir_watcher.py:finish():406] scan save: /mnt/data/Documents/UFLA/Iniciação Científica/ZooWithAI/(In development) Lazaro - Trabalhos com novo sensor/wandb/run-20221209_212402-sdepybza/files/wandb-metadata.json wandb-metadata.json
2022-12-09 22:11:26,818 INFO    SenderThread:11985 [dir_watcher.py:finish():406] scan save: /mnt/data/Documents/UFLA/Iniciação Científica/ZooWithAI/(In development) Lazaro - Trabalhos com novo sensor/wandb/run-20221209_212402-sdepybza/files/wandb-summary.json wandb-summary.json
2022-12-09 22:11:26,819 INFO    SenderThread:11985 [dir_watcher.py:finish():406] scan save: /mnt/data/Documents/UFLA/Iniciação Científica/ZooWithAI/(In development) Lazaro - Trabalhos com novo sensor/wandb/run-20221209_212402-sdepybza/files/output.log output.log
2022-12-09 22:11:26,825 INFO    SenderThread:11985 [dir_watcher.py:finish():406] scan save: /mnt/data/Documents/UFLA/Iniciação Científica/ZooWithAI/(In development) Lazaro - Trabalhos com novo sensor/wandb/run-20221209_212402-sdepybza/files/conda-environment.yaml conda-environment.yaml
2022-12-09 22:11:26,825 INFO    SenderThread:11985 [dir_watcher.py:finish():406] scan save: /mnt/data/Documents/UFLA/Iniciação Científica/ZooWithAI/(In development) Lazaro - Trabalhos com novo sensor/wandb/run-20221209_212402-sdepybza/files/requirements.txt requirements.txt
2022-12-09 22:11:26,829 INFO    SenderThread:11985 [sender.py:transition_state():463] send defer: 8
2022-12-09 22:11:26,829 DEBUG   HandlerThread:11985 [handler.py:handle_request():139] handle_request: defer
2022-12-09 22:11:26,829 INFO    HandlerThread:11985 [handler.py:handle_request_defer():162] handle defer: 8
2022-12-09 22:11:26,829 DEBUG   SenderThread:11985 [sender.py:send_request():317] send_request: defer
2022-12-09 22:11:26,832 INFO    SenderThread:11985 [sender.py:send_request_defer():459] handle sender defer: 8
2022-12-09 22:11:26,832 INFO    SenderThread:11985 [file_pusher.py:finish():168] shutting down file pusher
2022-12-09 22:11:27,494 INFO    Thread-20 :11985 [upload_job.py:push():143] Uploaded file /mnt/data/Documents/UFLA/Iniciação Científica/ZooWithAI/(In development) Lazaro - Trabalhos com novo sensor/wandb/run-20221209_212402-sdepybza/files/conda-environment.yaml
2022-12-09 22:11:27,497 INFO    Thread-17 :11985 [upload_job.py:push():143] Uploaded file /mnt/data/Documents/UFLA/Iniciação Científica/ZooWithAI/(In development) Lazaro - Trabalhos com novo sensor/wandb/run-20221209_212402-sdepybza/files/config.yaml
2022-12-09 22:11:27,506 INFO    Thread-18 :11985 [upload_job.py:push():143] Uploaded file /mnt/data/Documents/UFLA/Iniciação Científica/ZooWithAI/(In development) Lazaro - Trabalhos com novo sensor/wandb/run-20221209_212402-sdepybza/files/wandb-summary.json
2022-12-09 22:11:27,510 INFO    Thread-21 :11985 [upload_job.py:push():143] Uploaded file /mnt/data/Documents/UFLA/Iniciação Científica/ZooWithAI/(In development) Lazaro - Trabalhos com novo sensor/wandb/run-20221209_212402-sdepybza/files/requirements.txt
2022-12-09 22:11:27,521 INFO    Thread-19 :11985 [upload_job.py:push():143] Uploaded file /mnt/data/Documents/UFLA/Iniciação Científica/ZooWithAI/(In development) Lazaro - Trabalhos com novo sensor/wandb/run-20221209_212402-sdepybza/files/output.log
2022-12-09 22:11:27,721 INFO    Thread-12 :11985 [sender.py:transition_state():463] send defer: 9
2022-12-09 22:11:27,722 DEBUG   HandlerThread:11985 [handler.py:handle_request():139] handle_request: defer
2022-12-09 22:11:27,722 INFO    HandlerThread:11985 [handler.py:handle_request_defer():162] handle defer: 9
2022-12-09 22:11:27,722 DEBUG   SenderThread:11985 [sender.py:send_request():317] send_request: defer
2022-12-09 22:11:27,722 INFO    SenderThread:11985 [sender.py:send_request_defer():459] handle sender defer: 9
2022-12-09 22:11:27,722 INFO    SenderThread:11985 [file_pusher.py:join():173] waiting for file pusher
2022-12-09 22:11:27,722 INFO    SenderThread:11985 [sender.py:transition_state():463] send defer: 10
2022-12-09 22:11:27,722 DEBUG   HandlerThread:11985 [handler.py:handle_request():139] handle_request: defer
2022-12-09 22:11:27,722 INFO    HandlerThread:11985 [handler.py:handle_request_defer():162] handle defer: 10
2022-12-09 22:11:27,722 DEBUG   SenderThread:11985 [sender.py:send_request():317] send_request: defer
2022-12-09 22:11:27,722 INFO    SenderThread:11985 [sender.py:send_request_defer():459] handle sender defer: 10
2022-12-09 22:11:27,763 WARNING StreamThr :11985 [internal.py:is_dead():385] Internal process exiting, parent pid 11959 disappeared
2022-12-09 22:11:27,763 ERROR   StreamThr :11985 [internal.py:wandb_internal():147] Internal process shutdown.
2022-12-09 22:11:28,311 INFO    SenderThread:11985 [sender.py:transition_state():463] send defer: 11
2022-12-09 22:11:28,312 INFO    SenderThread:11985 [sender.py:finish():1331] shutting down sender
2022-12-09 22:11:28,312 INFO    SenderThread:11985 [file_pusher.py:finish():168] shutting down file pusher
2022-12-09 22:11:28,312 INFO    SenderThread:11985 [file_pusher.py:join():173] waiting for file pusher
2022-12-09 22:11:28,312 DEBUG   HandlerThread:11985 [handler.py:handle_request():139] handle_request: defer
2022-12-09 22:11:28,312 INFO    HandlerThread:11985 [handler.py:handle_request_defer():162] handle defer: 11
2022-12-09 22:11:28,312 INFO    HandlerThread:11985 [handler.py:finish():814] shutting down handler
2022-12-09 22:11:28,662 INFO    WriterThread:11985 [datastore.py:close():279] close: /mnt/data/Documents/UFLA/Iniciação Científica/ZooWithAI/(In development) Lazaro - Trabalhos com novo sensor/wandb/run-20221209_212402-sdepybza/run-sdepybza.wandb
